<?xml version="1.0" encoding="UTF-8"?>
<!-- Generated by org.testng.reporters.JUnitXMLReporter -->
<testsuite ignored="0" hostname="DESKTOP-7FRNL3K" failures="0" tests="3" name="Edge Test" time="0.026" errors="0" timestamp="2025-12-31T12:33:03 IST">
  <testcase classname="com.automation.tests.LoginTest" name="invalidLogin_WrongPassword" time="0.0">
    <skipped/>
  </testcase> <!-- invalidLogin_WrongPassword -->
  <testcase classname="com.automation.tests.LoginTest" name="validLogin_UserA" time="0.0">
    <skipped/>
  </testcase> <!-- validLogin_UserA -->
  <testcase classname="com.automation.tests.LoginTest" name="validLogin_UserB" time="0.0">
    <skipped/>
  </testcase> <!-- validLogin_UserB -->
</testsuite> <!-- Edge Test -->
